<?xml version="1.0" encoding="UTF-8"?>
<!-- Generated by org.testng.reporters.JUnitXMLReporter -->
<testsuite ignored="0" hostname="DESKTOP-QU0GECE" failures="2" tests="6" name=" Login Page Test_chromium" time="53.514" errors="0" timestamp="2023-01-09T10:34:49 GMT+01:00">
  <testcase classname="tests.HomePageTest" name="loginPageNavigationTest" time="0.081"/>
  <testcase classname="tests.HomePageTest" name="appLoginTest" time="6.744"/>
  <testcase classname="tests.HomePageTest" name="searchTest" time="1.069"/>
  <testcase classname="tests.HomePageTest" name="searchTest" time="16.048">
    <failure type="java.lang.AssertionError" message="Produit inexistant dans la base de donnée">
      <![CDATA[java.lang.AssertionError: Produit inexistant dans la base de donnée
at tests.HomePageTest.searchTest(HomePageTest.java:101)
at java.base/java.util.ArrayList.forEach(ArrayList.java:1511)
at java.base/java.util.concurrent.FutureTask.run(FutureTask.java:264)
at java.base/java.util.concurrent.ThreadPoolExecutor.runWorker(ThreadPoolExecutor.java:1136)
at java.base/java.util.concurrent.ThreadPoolExecutor$Worker.run(ThreadPoolExecutor.java:635)
at java.base/java.lang.Thread.run(Thread.java:833)
... Removed 18 stack frames]]>
    </failure>
  </testcase> <!-- searchTest -->
  <testcase classname="tests.HomePageTest" name="searchTest" time="1.077"/>
  <testcase classname="tests.HomePageTest" name="searchTest" time="16.043">
    <failure type="java.lang.AssertionError" message="Produit inexistant dans la base de donnée">
      <![CDATA[java.lang.AssertionError: Produit inexistant dans la base de donnée
at tests.HomePageTest.searchTest(HomePageTest.java:101)
at java.base/java.util.ArrayList.forEach(ArrayList.java:1511)
at java.base/java.util.concurrent.FutureTask.run(FutureTask.java:264)
at java.base/java.util.concurrent.ThreadPoolExecutor.runWorker(ThreadPoolExecutor.java:1136)
at java.base/java.util.concurrent.ThreadPoolExecutor$Worker.run(ThreadPoolExecutor.java:635)
at java.base/java.lang.Thread.run(Thread.java:833)
... Removed 18 stack frames]]>
    </failure>
  </testcase> <!-- searchTest -->
</testsuite> <!--  Login Page Test_chromium -->
